<?xml version="1.0" encoding="UTF-8"?>
<!-- Generated by org.testng.reporters.JUnitReportReporter -->
<testsuite hostname="uday" name="com.facebook.tests.Login_Tests" tests="4" failures="0" timestamp="11 Apr 2015 07:42:01 GMT" time="10.400" errors="0">
  <testcase name="loadPage" time="3.290" classname="com.facebook.tests.Login_Tests"/>
  <testcase name="passwordTokens" time="0.471" classname="com.facebook.tests.Login_Tests"/>
  <testcase name="emailID" time="0.858" classname="com.facebook.tests.Login_Tests"/>
  <testcase name="loadPage" time="5.781" classname="com.facebook.tests.Login_Tests"/>
</testsuite> <!-- com.facebook.tests.Login_Tests -->
